<?xml version="1.0" encoding="UTF-8"?>
<!-- Generated by org.testng.reporters.JUnitXMLReporter -->
<testsuite hostname="RAVI-PC" ignored="0" name="Default test" tests="3" failures="0" timestamp="04 Jun 2020 05:22:43 GMT" time="31.529" errors="0">
  <testcase name="verifyLoginPageTest" time="5.058" classname="com.qa.hubspot.tests.LoginPageTest"/>
  <testcase name="verifySignUpLinkTest" time="0.197" classname="com.qa.hubspot.tests.LoginPageTest"/>
  <testcase name="loginTest" time="13.191" classname="com.qa.hubspot.tests.LoginPageTest"/>
</testsuite> <!-- Default test -->
